# JRE version: OpenJDK Runtime Environment (8.0_212-b04) (build 1.8.0_212-release-1586-b04)
# Java VM: OpenJDK 64-Bit Server VM (25.212-b04 mixed mode windows-amd64 compressed oops)
Heap:
 PSYoungGen      total 374784K, used 163921K [0x00000000e0000000, 0x00000000fcd80000, 0x0000000100000000)
  eden space 336896K, 48% used [0x00000000e0000000,0x00000000ea014470,0x00000000f4900000)
  from space 37888K, 0% used [0x00000000f4900000,0x00000000f4900000,0x00000000f6e00000)
  to   space 37376K, 0% used [0x00000000fa900000,0x00000000fa900000,0x00000000fcd80000)
 ParOldGen       total 153600K, used 46184K [0x00000000a0000000, 0x00000000a9600000, 0x00000000e0000000)
  object space 153600K, 30% used [0x00000000a0000000,0x00000000a2d1a0a0,0x00000000a9600000)
 Metaspace       used 91886K, capacity 95755K, committed 98600K, reserved 1134592K
  class space    used 12072K, capacity 12867K, committed 13480K, reserved 1048576K
GC Heap History (10 events):
Event: 2232.062 GC heap before
{Heap before GC invocations=19 (full 3):
 PSYoungGen      total 230912K, used 230905K [0x00000000e0000000, 0x00000000f4480000, 0x0000000100000000)
  eden space 216064K, 100% used [0x00000000e0000000,0x00000000ed300000,0x00000000ed300000)
  from space 14848K, 99% used [0x00000000ed300000,0x00000000ee17e400,0x00000000ee180000)
  to   space 20480K, 0% used [0x00000000f3080000,0x00000000f3080000,0x00000000f4480000)
 ParOldGen       total 110592K, used 44289K [0x00000000a0000000, 0x00000000a6c00000, 0x00000000e0000000)
  object space 110592K, 40% used [0x00000000a0000000,0x00000000a2b406a8,0x00000000a6c00000)
 Metaspace       used 73169K, capacity 76440K, committed 76568K, reserved 1116160K
  class space    used 9739K, capacity 10440K, committed 10536K, reserved 1048576K
Event: 2232.090 GC heap after
Heap after GC invocations=19 (full 3):
 PSYoungGen      total 305664K, used 20470K [0x00000000e0000000, 0x00000000f5500000, 0x0000000100000000)
  eden space 285184K, 0% used [0x00000000e0000000,0x00000000e0000000,0x00000000f1680000)
  from space 20480K, 99% used [0x00000000f3080000,0x00000000f447d8f0,0x00000000f4480000)
  to   space 26624K, 0% used [0x00000000f1680000,0x00000000f1680000,0x00000000f3080000)
 ParOldGen       total 110592K, used 53495K [0x00000000a0000000, 0x00000000a6c00000, 0x00000000e0000000)
  object space 110592K, 48% used [0x00000000a0000000,0x00000000a343df88,0x00000000a6c00000)
 Metaspace       used 73169K, capacity 76440K, committed 76568K, reserved 1116160K
  class space    used 9739K, capacity 10440K, committed 10536K, reserved 1048576K
}
Event: 2770.478 GC heap before
{Heap before GC invocations=20 (full 3):
 PSYoungGen      total 305664K, used 305654K [0x00000000e0000000, 0x00000000f5500000, 0x0000000100000000)
  eden space 285184K, 100% used [0x00000000e0000000,0x00000000f1680000,0x00000000f1680000)
  from space 20480K, 99% used [0x00000000f3080000,0x00000000f447d8f0,0x00000000f4480000)
  to   space 26624K, 0% used [0x00000000f1680000,0x00000000f1680000,0x00000000f3080000)
 ParOldGen       total 110592K, used 53495K [0x00000000a0000000, 0x00000000a6c00000, 0x00000000e0000000)
  object space 110592K, 48% used [0x00000000a0000000,0x00000000a343df88,0x00000000a6c00000)
 Metaspace       used 82073K, capacity 85728K, committed 85912K, reserved 1124352K
  class space    used 10793K, capacity 11594K, committed 11688K, reserved 1048576K
Event: 2770.836 GC heap after
Heap after GC invocations=20 (full 3):
 PSYoungGen      total 311808K, used 17229K [0x00000000e0000000, 0x00000000f8880000, 0x0000000100000000)
  eden space 285184K, 0% used [0x00000000e0000000,0x00000000e0000000,0x00000000f1680000)
  from space 26624K, 64% used [0x00000000f1680000,0x00000000f27537a8,0x00000000f3080000)
  to   space 27136K, 0% used [0x00000000f6e00000,0x00000000f6e00000,0x00000000f8880000)
 ParOldGen       total 110592K, used 55414K [0x00000000a0000000, 0x00000000a6c00000, 0x00000000e0000000)
  object space 110592K, 50% used [0x00000000a0000000,0x00000000a361dba8,0x00000000a6c00000)
 Metaspace       used 82073K, capacity 85728K, committed 85912K, reserved 1124352K
  class space    used 10793K, capacity 11594K, committed 11688K, reserved 1048576K
}
Event: 2861.205 GC heap before
{Heap before GC invocations=21 (full 3):
 PSYoungGen      total 311808K, used 302413K [0x00000000e0000000, 0x00000000f8880000, 0x0000000100000000)
  eden space 285184K, 100% used [0x00000000e0000000,0x00000000f1680000,0x00000000f1680000)
  from space 26624K, 64% used [0x00000000f1680000,0x00000000f27537a8,0x00000000f3080000)
  to   space 27136K, 0% used [0x00000000f6e00000,0x00000000f6e00000,0x00000000f8880000)
 ParOldGen       total 110592K, used 55414K [0x00000000a0000000, 0x00000000a6c00000, 0x00000000e0000000)
  object space 110592K, 50% used [0x00000000a0000000,0x00000000a361dba8,0x00000000a6c00000)
 Metaspace       used 91881K, capacity 96664K, committed 96920K, reserved 1132544K
  class space    used 12165K, capacity 13118K, committed 13224K, reserved 1048576K
Event: 2861.333 GC heap after
Heap after GC invocations=21 (full 3):
 PSYoungGen      total 364032K, used 27113K [0x00000000e0000000, 0x00000000f9600000, 0x0000000100000000)
  eden space 336896K, 0% used [0x00000000e0000000,0x00000000e0000000,0x00000000f4900000)
  from space 27136K, 99% used [0x00000000f6e00000,0x00000000f887a7f0,0x00000000f8880000)
  to   space 37888K, 0% used [0x00000000f4900000,0x00000000f4900000,0x00000000f6e00000)
 ParOldGen       total 110592K, used 73444K [0x00000000a0000000, 0x00000000a6c00000, 0x00000000e0000000)
  object space 110592K, 66% used [0x00000000a0000000,0x00000000a47b9378,0x00000000a6c00000)
 Metaspace       used 91881K, capacity 96664K, committed 96920K, reserved 1132544K
  class space    used 12165K, capacity 13118K, committed 13224K, reserved 1048576K
}
Event: 2863.765 GC heap before
{Heap before GC invocations=22 (full 3):
 PSYoungGen      total 364032K, used 94979K [0x00000000e0000000, 0x00000000f9600000, 0x0000000100000000)
  eden space 336896K, 20% used [0x00000000e0000000,0x00000000e4246580,0x00000000f4900000)
  from space 27136K, 99% used [0x00000000f6e00000,0x00000000f887a7f0,0x00000000f8880000)
  to   space 37888K, 0% used [0x00000000f4900000,0x00000000f4900000,0x00000000f6e00000)
 ParOldGen       total 110592K, used 73444K [0x00000000a0000000, 0x00000000a6c00000, 0x00000000e0000000)
  object space 110592K, 66% used [0x00000000a0000000,0x00000000a47b9378,0x00000000a6c00000)
 Metaspace       used 93497K, capacity 98525K, committed 98600K, reserved 1134592K
  class space    used 12408K, capacity 13405K, committed 13480K, reserved 1048576K
Event: 2863.801 GC heap after
Heap after GC invocations=22 (full 3):
 PSYoungGen      total 374784K, used 4541K [0x00000000e0000000, 0x00000000fcd80000, 0x0000000100000000)
  eden space 336896K, 0% used [0x00000000e0000000,0x00000000e0000000,0x00000000f4900000)
  from space 37888K, 11% used [0x00000000f4900000,0x00000000f4d6f428,0x00000000f6e00000)
  to   space 37376K, 0% used [0x00000000fa900000,0x00000000fa900000,0x00000000fcd80000)
 ParOldGen       total 110592K, used 86251K [0x00000000a0000000, 0x00000000a6c00000, 0x00000000e0000000)
  object space 110592K, 77% used [0x00000000a0000000,0x00000000a543afd8,0x00000000a6c00000)
 Metaspace       used 93497K, capacity 98525K, committed 98600K, reserved 1134592K
  class space    used 12408K, capacity 13405K, committed 13480K, reserved 1048576K
}
Event: 2863.801 GC heap before
{Heap before GC invocations=23 (full 4):
 PSYoungGen      total 374784K, used 4541K [0x00000000e0000000, 0x00000000fcd80000, 0x0000000100000000)
  eden space 336896K, 0% used [0x00000000e0000000,0x00000000e0000000,0x00000000f4900000)
  from space 37888K, 11% used [0x00000000f4900000,0x00000000f4d6f428,0x00000000f6e00000)
  to   space 37376K, 0% used [0x00000000fa900000,0x00000000fa900000,0x00000000fcd80000)
 ParOldGen       total 110592K, used 86251K [0x00000000a0000000, 0x00000000a6c00000, 0x00000000e0000000)
  object space 110592K, 77% used [0x00000000a0000000,0x00000000a543afd8,0x00000000a6c00000)
 Metaspace       used 93497K, capacity 98525K, committed 98600K, reserved 1134592K
  class space    used 12408K, capacity 13405K, committed 13480K, reserved 1048576K
Event: 2864.394 GC heap after
Heap after GC invocations=23 (full 4):
 PSYoungGen      total 374784K, used 0K [0x00000000e0000000, 0x00000000fcd80000, 0x0000000100000000)
  eden space 336896K, 0% used [0x00000000e0000000,0x00000000e0000000,0x00000000f4900000)
  from space 37888K, 0% used [0x00000000f4900000,0x00000000f4900000,0x00000000f6e00000)
  to   space 37376K, 0% used [0x00000000fa900000,0x00000000fa900000,0x00000000fcd80000)
 ParOldGen       total 153600K, used 46184K [0x00000000a0000000, 0x00000000a9600000, 0x00000000e0000000)
  object space 153600K, 30% used [0x00000000a0000000,0x00000000a2d1a0a0,0x00000000a9600000)
 Metaspace       used 91397K, capacity 95175K, committed 98600K, reserved 1134592K
  class space    used 12032K, capacity 12787K, committed 13480K, reserved 1048576K
}

